<?xml version="1.0" encoding="UTF-8"?>
<!-- Generated by org.testng.reporters.JUnitReportReporter -->
<testsuite skipped="0" hostname="DESKTOP-H0SHG5R" name="test.endtoend.phase3.EndToEndTest" tests="1" failures="0" timestamp="26 Dec 2022 16:24:28 GMT" time="18.752" errors="0">
  <testcase name="Test1" time="18.752" classname="test.endtoend.phase3.EndToEndTest"/>
</testsuite> <!-- test.endtoend.phase3.EndToEndTest -->
