<?xml version="1.0" encoding="UTF-8"?>
<!-- Generated by org.testng.reporters.JUnitReportReporter -->
<testsuite skipped="0" hostname="DESKTOP-H0SHG5R" name="test.endtoend.phase3.EndToEndTest" tests="1" failures="0" timestamp="14 Dec 2022 10:03:34 GMT" time="109.662" errors="0">
  <testcase name="Test1" time="109.662" classname="test.endtoend.phase3.EndToEndTest"/>
</testsuite> <!-- test.endtoend.phase3.EndToEndTest -->
